<?xml version="1.0" encoding="UTF-8"?><testsuite errors="0" failures="1" name="buy the most expensive dress" skipped="0" tests="1" time="41.89" timestamp="2019-08-19 08:41:20"><testcase name="Buy dress and send the proof of payment"><failure message="Expected enabled element was not enabled" type="net.thucydides.core.webdriver.exceptions.ElementShouldBeEnabledException">Expected enabled element was not enabled</failure><system-err>Expected enabled element was not enabled&#13;
com.automationpractice.steptostep.tasks.ProcessToSendEmail.performAs(ProcessToSendEmail.java:20)&#13;
com.automationpractice.steptostep.stepdefinitions.BuyDressStepDefinition.sendTheProofOfPayment(BuyDressStepDefinition.java:83)&#13;
cucumber.runner.Runner.runPickle(Runner.java:80)&#13;
org.eclipse.jdt.internal.junit4.runner.JUnit4TestReference.run(JUnit4TestReference.java:89)&#13;
org.eclipse.jdt.internal.junit.runner.TestExecution.run(TestExecution.java:41)&#13;
org.eclipse.jdt.internal.junit.runner.RemoteTestRunner.runTests(RemoteTestRunner.java:541)&#13;
org.eclipse.jdt.internal.junit.runner.RemoteTestRunner.runTests(RemoteTestRunner.java:763)&#13;
org.eclipse.jdt.internal.junit.runner.RemoteTestRunner.run(RemoteTestRunner.java:463)&#13;
org.eclipse.jdt.internal.junit.runner.RemoteTestRunner.main(RemoteTestRunner.java:209)&#13;
</system-err></testcase></testsuite>